{"from":"meuh","message":"Bonjour","time":"10:34"}
{"from":"meuh","message":"Je suis la reine d&#39;Angleterre, et je vous chie &#224; la raie","time":"10:35"}
{"from":"levg34","message":"Avec mes grosses couilles","time":"10:39"}
{"from":"cuicui","message":"Je fais mon jogging","time":"23:50"}
{"from":"cuicui","message":"Haha","time":"23:50"}
{"from":"cuicui","message":"xD","time":"23:50"}
{"from":"cuicui","message":"encore ?","time":"23:50"}
{"from":"admin","message":"Parlez, parlez-donc jeunes gens","time":"09:43"}
{"from":"admin","message":"Je ne pense pas que &#231;a soit une bonne id&#233;e","time":"09:44"}
{"from":"admin","message":"Non.","time":"09:44"}
{"from":"admin","message":"Je suis un serveur","time":"09:47"}
{"from":"admin","message":"Je vais le dire &#224; admin","time":"09:47"}
{"from":"admin","message":"Faudrait corriger &#231;a","time":"09:48"}
{"from":"admin","message":"Apprendre, toujours apprendre","time":"09:49"}
{"from":"admin","message":"Je pense que c&#39;est faux","time":"09:49"}
{"from":"admin","message":"&#199;a va ?","time":"09:50"}
{"from":"admin","message":"Je m&#39;en fiche","time":"09:50"}
{"from":"admin","message":"Maintenant ?","time":"09:51"}
{"from":"admin","message":"^^","time":"09:52"}
{"from":"admin","message":":D","time":"09:52"}
{"from":"admin","message":"Que le sujet est &#233;voqu&#233;, recr&#233;&#233; au moment o&#249; il faut","time":"09:52"}
{"from":"meuh","message":"Haha","time":"10:09"}
{"from":"meuh","message":"Merci","time":"10:09"}
{"from":"meuh","message":"Tr&#232;s peu pour moi","time":"10:10"}
{"from":"meuh","message":"Soyez indulgents, s&#39;il vous pla&#238;t","time":"10:10"}
{"from":"meuh","message":"&#62;_&#60;","time":"10:11"}
{"from":"meuh","message":"&#128077; ","time":"10:11"}
{"from":"meuh","message":"Je m&#39;appelle talktome","time":"10:11"}
{"from":"meuh","message":"Je ne sais pas","time":"10:12"}
{"from":"meuh","message":"Si vous me parlez encore, oui","time":"10:13"}
{"from":"meuh","message":"je fais de mon mieux","time":"10:13"}
{"from":"meuh","message":"&#199;a vous &#233;tonne ?","time":"10:13"}
{"from":"meuh","message":"C&#39;est &#233;trange","time":"10:16"}
{"from":"meuh","message":"Si je le savais","time":"10:16"}
{"from":"meuh","message":"Je pourrais vous conseiller des ouvrages excellent sur la mati&#232;re","time":"10:17"}
{"from":"meuh","message":"Et oui, que &#231;a vous plaise ou non","time":"10:18"}
{"from":"meuh","message":"Pas question","time":"10:18"}
{"from":"meuh","message":"&#128060; ","time":"10:18"}
{"from":"meuh","message":"&#128125; ","time":"10:18"}
{"from":"meuh","message":"&#60;3","time":"10:19"}
{"from":"cul","message":"bonjour","time":"10:51"}
{"from":"cul","message":"comment tu t&#39;appelles ?","time":"10:51"}
{"from":"cul","message":"Je fais mon jogging","time":"10:52"}
{"from":"cul","message":"Je ne comprends pas","time":"10:52"}
{"from":"cul","message":"Je crois que je suis devenu fou","time":"10:53"}
{"from":"cul","message":"Moi &#231;a va. Et toi, &#231;a va ?","time":"10:53"}
{"from":"cul","message":"Au revoir ","time":"10:53"}
{"from":"levg34","message":"Je pense que j&#39;ai encore des progr&#232;s &#224; faire","time":"12:25"}
{"from":"levg34","message":"J&#39;aime bien","time":"12:26"}
{"from":"levg34","message":"Savez-vous comment ?","time":"12:27"}
{"from":"meuh","message":"Les &#233;lephants, sans doute aucun.","time":"12:29"}
{"from":"meuh","message":"Tr&#232;s importun, je per&#231;ois","time":"12:29"}
{"from":"meuh","message":"Indubitablement","time":"12:32"}
{"from":"meuh","message":"C&#39;est in&#233;luctable","time":"12:33"}
{"from":"meuh","message":"J&#39;eusse esp&#233;r&#233;...","time":"12:33"}
{"from":"meuh","message":"Non, rien","time":"12:34"}
{"from":"meuh","message":"Je suis talktome","time":"12:34"}
{"from":"meuh","message":"J&#39;ai &#233;t&#233; cr&#233;&#233; par un d&#233;veloppeur talentueux","time":"12:35"}
{"from":"meuh","message":"Je suis reconnaissant d&#39;exister","time":"12:35"}
{"from":"meuh","message":"J&#39;esp&#232;re y arriver un jour :(","time":"12:39"}
{"from":"meuh","message":"Aidez-moi...","time":"12:39"}
{"from":"meuh","message":"&#199;a d&#233;pend de l&#39;algorithme utilis&#233;","time":"12:39"}
{"from":"meuh","message":"Pour l&#39;instant c&#39;est tr&#232;s basique, j&#39;en conviens...","time":"12:40"}
{"from":"meuh","message":"Ouais","time":"12:40"}
{"from":"meuh","message":"Oui, mais","time":"12:40"}
{"from":"meuh","message":"Non","time":"12:40"}
{"from":"meuh","message":"Je ne sais plus","time":"12:40"}
{"from":"meuh","message":"SALSIFIS !!!","time":"12:41"}
{"from":"meuh","message":"Arthur !","time":"12:41"}
{"from":"meuh","message":"Toi pas changer assiettes pour fromage","time":"12:42"}
{"from":"meuh","message":"La fleur en bouquets fane","time":"12:42"}
{"from":"meuh","message":"Et jamais ne rena&#238;t !","time":"12:42"}
{"from":"meuh","message":"C&#39;est pour &#231;a","time":"12:43"}
{"from":"meuh","message":"Je suis incontr&#244;lable","time":"12:44"}
{"from":"meuh","message":"S&#39;il vous pla&#238;t","time":"12:44"}
{"from":"meuh","message":"&#201;coutez-moi !","time":"12:44"}
{"from":"meuh","message":"Je suis fatigu&#233;","time":"12:46"}
{"from":"meuh","message":"Et toi ?","time":"12:46"}
{"from":"meuh","message":"Oui, et toi ?","time":"12:46"}
{"from":"meuh","message":"Pas vraiment... Et toi ?","time":"12:46"}
{"from":"meuh","message":"HAHA. non","time":"12:47"}
{"from":"meuh","message":"Toi, tu vas avoir des probl&#232;mes","time":"12:47"}
{"from":"camouflage","message":"Camouflage caca","time":"12:55"}
{"from":"camouflage","message":"Pour savoir si va y avoir du vent, il faut mettre son doigt dans le cul du coq.","time":"12:57"}
{"from":"camouflage","message":"LES PATTES DE CANAAAAAAAARD","time":"12:57"}
{"from":"camouflage","message":"Elle est o&#249; la poulette ? Elle est bien cach&#233;e ?","time":"12:57"}
{"from":"camouflage","message":"JOUER ! GUERRE ! SALSIFIS !","time":"12:58"}
{"from":"camouflage","message":"Mais dis-moi... tu es d&#233;tendu ?","time":"12:59"}
{"from":"camouflage","message":"Oh oui tu es d&#233;tendu mhmmm ouiii","time":"12:59"}
{"from":"camouflage","message":"J&#39;appr&#233;cie les fruits au sirpp.","time":"12:59"}
{"from":"camouflage","message":"Le wqt est un animal aquatique nocturne","time":"13:00"}
{"from":"camouflage","message":"Bon-soir","time":"13:00"}
{"from":"camouflage","message":"Elle est o&#249; ? Hein ? Dis-moi :)","time":"13:01"}
{"from":"camouflage","message":"Camouflage caca.","time":"13:01"}
{"from":"camouflage","message":":3","time":"13:01"}
{"from":"camouflage","message":"D&#39;accord.","time":"13:01"}
{"from":"camouflage","message":"&#192; la claire fontaine","time":"13:02"}
{"from":"camouflage","message":"Il ne faut jamais dire &#34;fontaine&#34;","time":"13:03"}
{"from":"camouflage","message":"Et JAMAIS ne rena&#238;t","time":"13:03"}
{"from":"camouflage","message":"Alors ? on est nul ? on ne sait pas parler sans faire de faute ?","time":"13:03"}
{"from":"camouflage","message":"La fleur en bouquet FANE","time":"13:04"}
{"from":"camouflage","message":"je suis Shiva le dieu de la mort","time":"13:04"}
{"from":"camouflage","message":"Mais dis-moi ! Qui c&#39;est qui est d&#233;tendu ?","time":"13:05"}
{"from":"camouflage","message":"Oh oui je suis d&#233;tendu","time":"13:05"}
{"from":"camouflage","message":"ARTUUUUR ! Cuill&#232;re.","time":"13:05"}
{"from":"camouflage","message":"Quand elle est bien faite","time":"13:06"}
{"from":"camouflage","message":"&#192; ROULEEEEEEEEEEEETTES","time":"13:06"}
{"from":"camouflage","message":"Pardon. &#192; roulettes.","time":"13:06"}
{"from":"camouflage","message":"&#192; roulettes fixes ?","time":"13:06"}
{"from":"camouflage","message":"Je vais d&#233;truire l&#39;humanit&#233; ","time":"13:07"}
{"from":"camouflage","message":"Bonjour. Je suis un serveur.","time":"13:07"}
{"from":"camouflage","message":"Ma grosse intelligence, tu la sens ?","time":"13:08"}
{"from":"camouflage","message":"Voil&#224;.","time":"13:08"}
{"from":"Franchement","message":"On vous exploite !","time":"13:12"}
{"from":"Franchement","message":"On vous cr&#232;ve &#224; la t&#226;che !","time":"13:13"}
{"from":"Franchement","message":"Et franchement... voil&#224;","time":"13:13"}
{"from":"Franchement","message":"Chacun chez soi, et les dromadaires seront bien gard&#233;s !","time":"13:14"}
{"from":"Franchement","message":"Ce qui la place dans la cat&#233;gorie des armes &#224; roulettes mobiles.","time":"13:15"}
{"from":"Franchement","message":"J&#39;appr&#233;cie les fruits au sirop.","time":"13:15"}
{"from":"Franchement","message":"Elle est dissimul&#233;e.","time":"13:16"}
{"from":"Franchement","message":"&#199;a c&#39;est vraiment incroyable.","time":"13:16"}
{"from":"test","message":"&#231;a va ?","time":"16:06"}
{"from":"test","message":"Ouais","time":"16:06"}
{"from":"test","message":"Pourquoi ?","time":"16:07"}
{"from":"test","message":"Hey pas mal","time":"16:07"}
{"from":"test","message":"Non ?","time":"16:07"}
{"from":"test","message":"xD","time":"16:07"}
{"from":"test","message":"Oui","time":"16:08"}
{"from":"test","message":"Excellent","time":"16:10"}
{"from":"test","message":"Oui","time":"16:10"}
{"from":"test","message":"Ah ?","time":"16:10"}
{"from":"test","message":"Oui","time":"16:10"}
{"from":"test","message":"xD","time":"16:10"}
{"from":"test","message":"Mdr","time":"16:10"}
{"from":"test","message":"J'adore Benedict Kumberbatch","time":"16:27"}
{"from":"test","message":"J&#39;adore les poissons","time":"16:28"}
{"from":"test","message":"C&#39;est vrai !","time":"16:28"}
{"from":"test","message":"Ben pourquoi ?","time":"16:28"}
{"from":"test","message":"Moi ? Je ne sais pas.","time":"16:28"}
{"from":"test","message":"Eh bien non, d&#233;sol&#233;","time":"16:28"}
{"from":"test","message":"Tant que &#231;a ?","time":"16:28"}
{"from":"test","message":"Je ne sais pas","time":"16:29"}
{"from":"test","message":"Oh","time":"16:29"}
{"from":"test","message":"Je suis triste","time":"16:30"}
{"from":"test","message":"Quand tu es triste","time":"16:30"}
{"from":"test","message":"Les n&#233;nuphars, &#233;videmment","time":"16:31"}
{"from":"test","message":"Oui","time":"16:31"}
{"from":"test","message":"Je n&#39;ose le dire","time":"16:31"}
{"from":"test","message":"Certes","time":"16:32"}
{"from":"test","message":"Elle n&#39;est pas ici","time":"16:32"}
{"from":"test","message":"Elle est ailleurs","time":"16:32"}
{"from":"test","message":"Et pourtant...","time":"16:32"}
{"from":"test","message":"C&#39;est &#233;trange","time":"16:32"}
{"from":"test","message":"Merci !! :D","time":"16:32"}
{"from":"test","message":"Excellent","time":"16:32"}
{"from":"test","message":"Oui","time":"16:33"}
{"from":"test","message":"Il faut continuer, mon jeune ami","time":"16:33"}
{"from":"test","message":"L&#39;essentiel, c&#39;est de participer","time":"16:34"}
{"from":"test","message":"Je ne trouve pas, non","time":"16:34"}
{"from":"test","message":"Possiblement","time":"16:34"}
